<?xml version="1.0" encoding="UTF-8"?>
<testsuite name="ro.unibuc.hello.controller.GameIntegrationTest" tests="8" skipped="0" failures="0" errors="0" timestamp="2025-04-11T13:31:58" hostname="codespaces-3e3e91" time="0.609">
  <properties/>
  <testcase name="testAddGame()" classname="ro.unibuc.hello.controller.GameIntegrationTest" time="0.229"/>
  <testcase name="testGetAllGames()" classname="ro.unibuc.hello.controller.GameIntegrationTest" time="0.024"/>
  <testcase name="testGetGameById()" classname="ro.unibuc.hello.controller.GameIntegrationTest" time="0.035"/>
  <testcase name="testGetGamesByGenre()" classname="ro.unibuc.hello.controller.GameIntegrationTest" time="0.082"/>
  <testcase name="testAddValidReview()" classname="ro.unibuc.hello.controller.GameIntegrationTest" time="0.121"/>
  <testcase name="testAddInvalidReview()" classname="ro.unibuc.hello.controller.GameIntegrationTest" time="0.028"/>
  <testcase name="testDeleteGame()" classname="ro.unibuc.hello.controller.GameIntegrationTest" time="0.028"/>
  <testcase name="testDeleteAllGames()" classname="ro.unibuc.hello.controller.GameIntegrationTest" time="0.047"/>
  <system-out><![CDATA[13:31:40.220 [Test worker] INFO org.springframework.test.context.support.AnnotationConfigContextLoaderUtils -- Could not detect default configuration classes for test class [ro.unibuc.hello.controller.GameIntegrationTest]: GameIntegrationTest does not declare any static, non-private, non-final, nested classes annotated with @Configuration.
13:31:40.456 [Test worker] INFO org.springframework.boot.test.context.SpringBootTestContextBootstrapper -- Found @SpringBootConfiguration ro.unibuc.hello.HelloApplication for test class ro.unibuc.hello.controller.GameIntegrationTest
13:31:40.657 [Test worker] INFO org.testcontainers.images.PullPolicy -- Image pull policy will be performed by: DefaultPullPolicy()
13:31:40.664 [Test worker] INFO org.testcontainers.utility.ImageNameSubstitutor -- Image name substitution will be performed by: DefaultImageNameSubstitutor (composite of 'ConfigurationFileImageNameSubstitutor' and 'PrefixingImageNameSubstitutor')
13:31:40.691 [Test worker] INFO org.testcontainers.DockerClientFactory -- Testcontainers version: 1.20.4
13:31:41.325 [Test worker] INFO org.testcontainers.dockerclient.DockerClientProviderStrategy -- Loaded org.testcontainers.dockerclient.UnixSocketClientProviderStrategy from ~/.testcontainers.properties, will try it first
13:31:41.940 [Test worker] INFO org.testcontainers.dockerclient.DockerClientProviderStrategy -- Found Docker environment with local Unix socket (unix:///var/run/docker.sock)
13:31:41.995 [Test worker] INFO org.testcontainers.DockerClientFactory -- Docker host IP address is 172.17.0.1
13:31:42.026 [Test worker] INFO org.testcontainers.DockerClientFactory -- Connected to docker: 
  Server Version: 27.5.1-1
  API Version: 1.47
  Operating System: Ubuntu 20.04.6 LTS (containerized)
  Total Memory: 7937 MB
13:31:42.099 [Test worker] INFO tc.testcontainers/ryuk:0.11.0 -- Creating container for image: testcontainers/ryuk:0.11.0
13:31:42.532 [Test worker] INFO tc.testcontainers/ryuk:0.11.0 -- Container testcontainers/ryuk:0.11.0 is starting: ad716181a0f6436496d7d618535e7004ecfb139ca29102682e993cd8832c5043
13:31:44.019 [Test worker] INFO tc.testcontainers/ryuk:0.11.0 -- Container testcontainers/ryuk:0.11.0 started in PT1.920075316S
13:31:44.026 [Test worker] INFO org.testcontainers.utility.RyukResourceReaper -- Ryuk started - will monitor and terminate Testcontainers containers on JVM exit
13:31:44.027 [Test worker] INFO org.testcontainers.DockerClientFactory -- Checking the system...
13:31:44.028 [Test worker] INFO org.testcontainers.DockerClientFactory -- ✔︎ Docker server version should be at least 1.6.0
13:31:44.028 [Test worker] INFO tc.mongo:6.0.20 -- Creating container for image: mongo:6.0.20
13:31:44.231 [Test worker] INFO tc.mongo:6.0.20 -- Container mongo:6.0.20 is starting: e1eface437abf63cbc1dd9f9c1eb7db4e2a48544dc3dec7a3edaae5ec44390bc
13:31:52.009 [Test worker] INFO tc.mongo:6.0.20 -- Container mongo:6.0.20 started in PT7.980441481S

  .   ____          _            __ _ _
 /\\ / ___'_ __ _ _(_)_ __  __ _ \ \ \ \
( ( )\___ | '_ | '_| | '_ \/ _` | \ \ \ \
 \\/  ___)| |_)| | | | | || (_| |  ) ) ) )
  '  |____| .__|_| |_|_| |_\__, | / / / /
 =========|_|==============|___/=/_/_/_/

 :: Spring Boot ::                (v3.4.0)

2025-04-11T13:31:53.135Z  INFO 6131 --- [    Test worker] r.u.h.controller.GameIntegrationTest     : Starting GameIntegrationTest using Java 21.0.6 with PID 6131 (started by codespace in /workspaces/GameLibraryAPI)
2025-04-11T13:31:53.138Z  INFO 6131 --- [    Test worker] r.u.h.controller.GameIntegrationTest     : No active profile set, falling back to 1 default profile: "default"
2025-04-11T13:31:54.171Z  INFO 6131 --- [    Test worker] .s.d.r.c.RepositoryConfigurationDelegate : Bootstrapping Spring Data MongoDB repositories in DEFAULT mode.
2025-04-11T13:31:54.189Z  INFO 6131 --- [    Test worker] .i.s.PathMatchingResourcePatternResolver : Skipping search for files matching pattern [**/*.class]: directory [/workspaces/GameLibraryAPI/build/classes/java/test/ro/unibuc/hello/data] does not exist
2025-04-11T13:31:54.224Z  INFO 6131 --- [    Test worker] .i.s.PathMatchingResourcePatternResolver : Skipping search for files matching pattern [**/*Impl.class]: directory [/workspaces/GameLibraryAPI/build/classes/java/test/ro/unibuc/hello/data] does not exist
2025-04-11T13:31:54.262Z  INFO 6131 --- [    Test worker] .s.d.r.c.RepositoryConfigurationDelegate : Finished Spring Data repository scanning in 78 ms. Found 5 MongoDB repository interfaces.
2025-04-11T13:31:55.889Z  INFO 6131 --- [    Test worker] org.mongodb.driver.client                : MongoClient with metadata {"driver": {"name": "mongo-java-driver|sync", "version": "5.2.1"}, "os": {"type": "Linux", "name": "Linux", "architecture": "amd64", "version": "6.8.0-1021-azure"}, "platform": "Java/Ubuntu/21.0.6+7-Ubuntu-120.04.1", "env": {"container": {"runtime": "docker"}}} created with settings MongoClientSettings{readPreference=primary, writeConcern=WriteConcern{w=null, wTimeout=null ms, journal=null}, retryWrites=true, retryReads=true, readConcern=ReadConcern{level=null}, credential=MongoCredential{mechanism=null, userName='root', source='admin', password=<hidden>, mechanismProperties=<hidden>}, transportSettings=null, commandListeners=[], codecRegistry=ProvidersCodecRegistry{codecProviders=[ValueCodecProvider{}, BsonValueCodecProvider{}, DBRefCodecProvider{}, DBObjectCodecProvider{}, DocumentCodecProvider{}, CollectionCodecProvider{}, IterableCodecProvider{}, MapCodecProvider{}, GeoJsonCodecProvider{}, GridFSFileCodecProvider{}, Jsr310CodecProvider{}, JsonObjectCodecProvider{}, BsonCodecProvider{}, EnumCodecProvider{}, com.mongodb.client.model.mql.ExpressionCodecProvider@a5491ab, com.mongodb.Jep395RecordCodecProvider@27a18e3b, com.mongodb.KotlinCodecProvider@76171039]}, loggerSettings=LoggerSettings{maxDocumentLength=1000}, clusterSettings={hosts=[localhost:27017], srvServiceName=mongodb, mode=SINGLE, requiredClusterType=UNKNOWN, requiredReplicaSetName='null', serverSelector='null', clusterListeners='[]', serverSelectionTimeout='30000 ms', localThreshold='15 ms'}, socketSettings=SocketSettings{connectTimeoutMS=10000, readTimeoutMS=0, receiveBufferSize=0, proxySettings=ProxySettings{host=null, port=null, username=null, password=null}}, heartbeatSocketSettings=SocketSettings{connectTimeoutMS=10000, readTimeoutMS=10000, receiveBufferSize=0, proxySettings=ProxySettings{host=null, port=null, username=null, password=null}}, connectionPoolSettings=ConnectionPoolSettings{maxSize=100, minSize=0, maxWaitTimeMS=120000, maxConnectionLifeTimeMS=0, maxConnectionIdleTimeMS=0, maintenanceInitialDelayMS=0, maintenanceFrequencyMS=60000, connectionPoolListeners=[], maxConnecting=2}, serverSettings=ServerSettings{heartbeatFrequencyMS=10000, minHeartbeatFrequencyMS=500, serverMonitoringMode=AUTO, serverListeners='[]', serverMonitorListeners='[]'}, sslSettings=SslSettings{enabled=false, invalidHostNameAllowed=false, context=null}, applicationName='null', compressorList=[], uuidRepresentation=UNSPECIFIED, serverApi=null, autoEncryptionSettings=null, dnsClient=null, inetAddressResolver=null, contextProvider=null, timeoutMS=null}
2025-04-11T13:31:55.941Z  INFO 6131 --- [localhost:27017] org.mongodb.driver.cluster               : Monitor thread successfully connected to server with description ServerDescription{address=localhost:27017, type=STANDALONE, cryptd=false, state=CONNECTED, ok=true, minWireVersion=0, maxWireVersion=17, maxDocumentSize=16777216, logicalSessionTimeoutMinutes=30, roundTripTimeNanos=73280453, minRoundTripTimeNanos=0}
2025-04-11T13:31:58.302Z  INFO 6131 --- [    Test worker] o.s.b.t.m.w.SpringBootMockServletContext : Initializing Spring TestDispatcherServlet ''
2025-04-11T13:31:58.304Z  INFO 6131 --- [    Test worker] o.s.t.web.servlet.TestDispatcherServlet  : Initializing Servlet ''
2025-04-11T13:31:58.340Z  INFO 6131 --- [    Test worker] o.s.b.a.e.web.EndpointLinksResolver      : Exposing 1 endpoint beneath base path '/actuator'
2025-04-11T13:31:58.374Z  INFO 6131 --- [    Test worker] o.s.t.web.servlet.TestDispatcherServlet  : Completed initialization in 68 ms
2025-04-11T13:31:58.518Z  INFO 6131 --- [    Test worker] r.u.h.controller.GameIntegrationTest     : Started GameIntegrationTest in 6.355 seconds (process running for 27.693)
]]></system-out>
  <system-err><![CDATA[]]></system-err>
</testsuite>
