<?xml version="1.0" encoding="UTF-8"?>
<testsuite name="ro.unibuc.hello.service.GreetingsServiceTest" tests="9" skipped="0" failures="0" errors="0" timestamp="2025-03-08T23:07:24" hostname="codespaces-f4af95" time="0.116">
  <properties/>
  <testcase name="testDeleteGreeting_NonExistingEntity()" classname="ro.unibuc.hello.service.GreetingsServiceTest" time="0.04"/>
  <testcase name="testDeleteGreeting_ExistingEntity()" classname="ro.unibuc.hello.service.GreetingsServiceTest" time="0.008"/>
  <testcase name="testHello()" classname="ro.unibuc.hello.service.GreetingsServiceTest" time="0.007"/>
  <testcase name="testUpdateGreeting_NonExistingEntity()" classname="ro.unibuc.hello.service.GreetingsServiceTest" time="0.004"/>
  <testcase name="testBuildGreetingFromInfo_NonExistingEntity()" classname="ro.unibuc.hello.service.GreetingsServiceTest" time="0.004"/>
  <testcase name="testUpdateGreeting_ExistingEntity()" classname="ro.unibuc.hello.service.GreetingsServiceTest" time="0.006"/>
  <testcase name="testGetAllGreetings()" classname="ro.unibuc.hello.service.GreetingsServiceTest" time="0.007"/>
  <testcase name="testSaveGreeting()" classname="ro.unibuc.hello.service.GreetingsServiceTest" time="0.005"/>
  <testcase name="testBuildGreetingFromInfo_ExistingEntity()" classname="ro.unibuc.hello.service.GreetingsServiceTest" time="0.007"/>
  <system-out><![CDATA[23:07:23.965 [Test worker] INFO org.springframework.test.context.support.AnnotationConfigContextLoaderUtils -- Could not detect default configuration classes for test class [ro.unibuc.hello.service.GreetingsServiceTest]: GreetingsServiceTest does not declare any static, non-private, non-final, nested classes annotated with @Configuration.
]]></system-out>
  <system-err><![CDATA[]]></system-err>
</testsuite>
