<?xml version="1.0" encoding="UTF-8"?>
<testsuite name="ro.unibuc.hello.controller.UserControllerTest" tests="7" skipped="0" failures="0" errors="0" timestamp="2025-03-31T09:22:06" hostname="codespaces-9d48ea" time="0.187">
  <properties/>
  <testcase name="testAddMoney_UserNotFound()" classname="ro.unibuc.hello.controller.UserControllerTest" time="0.068"/>
  <testcase name="testAddUser()" classname="ro.unibuc.hello.controller.UserControllerTest" time="0.027"/>
  <testcase name="testDeleteAllUsers()" classname="ro.unibuc.hello.controller.UserControllerTest" time="0.008"/>
  <testcase name="testGetAllUsers()" classname="ro.unibuc.hello.controller.UserControllerTest" time="0.018"/>
  <testcase name="testGetUserById_UserExists()" classname="ro.unibuc.hello.controller.UserControllerTest" time="0.019"/>
  <testcase name="testAddMoney_UserExists()" classname="ro.unibuc.hello.controller.UserControllerTest" time="0.024"/>
  <testcase name="testGetUserById_UserNotFound()" classname="ro.unibuc.hello.controller.UserControllerTest" time="0.016"/>
  <system-out><![CDATA[2025-03-31T09:22:06.242Z  INFO 18793 --- [    Test worker] o.s.mock.web.MockServletContext          : Initializing Spring TestDispatcherServlet ''
2025-03-31T09:22:06.242Z  INFO 18793 --- [    Test worker] o.s.t.web.servlet.TestDispatcherServlet  : Initializing Servlet ''
2025-03-31T09:22:06.244Z  INFO 18793 --- [    Test worker] o.s.t.web.servlet.TestDispatcherServlet  : Completed initialization in 2 ms
2025-03-31T09:22:06.249Z  WARN 18793 --- [    Test worker] o.s.web.servlet.PageNotFound             : No mapping for PATCH /users/AddMoney/2/50.0
2025-03-31T09:22:06.252Z  WARN 18793 --- [    Test worker] o.s.web.servlet.PageNotFound             : No endpoint PATCH /users/AddMoney/2/50.0.
2025-03-31T09:22:06.259Z  INFO 18793 --- [    Test worker] o.s.mock.web.MockServletContext          : Initializing Spring TestDispatcherServlet ''
2025-03-31T09:22:06.260Z  INFO 18793 --- [    Test worker] o.s.t.web.servlet.TestDispatcherServlet  : Initializing Servlet ''
2025-03-31T09:22:06.260Z  INFO 18793 --- [    Test worker] o.s.t.web.servlet.TestDispatcherServlet  : Completed initialization in 0 ms
2025-03-31T09:22:06.288Z  INFO 18793 --- [    Test worker] o.s.mock.web.MockServletContext          : Initializing Spring TestDispatcherServlet ''
2025-03-31T09:22:06.288Z  INFO 18793 --- [    Test worker] o.s.t.web.servlet.TestDispatcherServlet  : Initializing Servlet ''
2025-03-31T09:22:06.288Z  INFO 18793 --- [    Test worker] o.s.t.web.servlet.TestDispatcherServlet  : Completed initialization in 0 ms
2025-03-31T09:22:06.296Z  INFO 18793 --- [    Test worker] o.s.mock.web.MockServletContext          : Initializing Spring TestDispatcherServlet ''
2025-03-31T09:22:06.296Z  INFO 18793 --- [    Test worker] o.s.t.web.servlet.TestDispatcherServlet  : Initializing Servlet ''
2025-03-31T09:22:06.297Z  INFO 18793 --- [    Test worker] o.s.t.web.servlet.TestDispatcherServlet  : Completed initialization in 1 ms
2025-03-31T09:22:06.318Z  INFO 18793 --- [    Test worker] o.s.mock.web.MockServletContext          : Initializing Spring TestDispatcherServlet ''
2025-03-31T09:22:06.319Z  INFO 18793 --- [    Test worker] o.s.t.web.servlet.TestDispatcherServlet  : Initializing Servlet ''
2025-03-31T09:22:06.320Z  INFO 18793 --- [    Test worker] o.s.t.web.servlet.TestDispatcherServlet  : Completed initialization in 1 ms
2025-03-31T09:22:06.339Z  INFO 18793 --- [    Test worker] o.s.mock.web.MockServletContext          : Initializing Spring TestDispatcherServlet ''
2025-03-31T09:22:06.340Z  INFO 18793 --- [    Test worker] o.s.t.web.servlet.TestDispatcherServlet  : Initializing Servlet ''
2025-03-31T09:22:06.341Z  INFO 18793 --- [    Test worker] o.s.t.web.servlet.TestDispatcherServlet  : Completed initialization in 0 ms
2025-03-31T09:22:06.365Z  INFO 18793 --- [    Test worker] o.s.mock.web.MockServletContext          : Initializing Spring TestDispatcherServlet ''
2025-03-31T09:22:06.365Z  INFO 18793 --- [    Test worker] o.s.t.web.servlet.TestDispatcherServlet  : Initializing Servlet ''
2025-03-31T09:22:06.366Z  INFO 18793 --- [    Test worker] o.s.t.web.servlet.TestDispatcherServlet  : Completed initialization in 0 ms
2025-03-31T09:22:06.367Z  WARN 18793 --- [    Test worker] o.s.web.servlet.PageNotFound             : No mapping for GET /users/Find/2
2025-03-31T09:22:06.368Z  WARN 18793 --- [    Test worker] o.s.web.servlet.PageNotFound             : No endpoint GET /users/Find/2.
]]></system-out>
  <system-err><![CDATA[]]></system-err>
</testsuite>
