<?xml version="1.0" encoding="UTF-8"?>
<testsuite name="ro.unibuc.hello.controller.GameControllerTest" tests="10" skipped="0" failures="0" errors="0" timestamp="2025-04-11T13:31:34" hostname="codespaces-3e3e91" time="5.66">
  <properties/>
  <testcase name="testGetAllGamesByGenre()" classname="ro.unibuc.hello.controller.GameControllerTest" time="5.007"/>
  <testcase name="testAddGame()" classname="ro.unibuc.hello.controller.GameControllerTest" time="0.21"/>
  <testcase name="testDeleteAllGames()" classname="ro.unibuc.hello.controller.GameControllerTest" time="0.039"/>
  <testcase name="testGetGameById_Found()" classname="ro.unibuc.hello.controller.GameControllerTest" time="0.062"/>
  <testcase name="testGetGameById_NotFound()" classname="ro.unibuc.hello.controller.GameControllerTest" time="0.072"/>
  <testcase name="testGetAllGames()" classname="ro.unibuc.hello.controller.GameControllerTest" time="0.066"/>
  <testcase name="testGetReviewsForGame()" classname="ro.unibuc.hello.controller.GameControllerTest" time="0.043"/>
  <testcase name="testAddReview_Success()" classname="ro.unibuc.hello.controller.GameControllerTest" time="0.055"/>
  <testcase name="testDeleteGame()" classname="ro.unibuc.hello.controller.GameControllerTest" time="0.035"/>
  <testcase name="testAddReview_Failure()" classname="ro.unibuc.hello.controller.GameControllerTest" time="0.047"/>
  <system-out><![CDATA[13:31:38.731 [Test worker] INFO org.springframework.mock.web.MockServletContext -- Initializing Spring TestDispatcherServlet ''
13:31:38.736 [Test worker] INFO org.springframework.test.web.servlet.TestDispatcherServlet -- Initializing Servlet ''
13:31:38.749 [Test worker] INFO org.springframework.test.web.servlet.TestDispatcherServlet -- Completed initialization in 10 ms
13:31:39.484 [Test worker] INFO org.springframework.mock.web.MockServletContext -- Initializing Spring TestDispatcherServlet ''
13:31:39.484 [Test worker] INFO org.springframework.test.web.servlet.TestDispatcherServlet -- Initializing Servlet ''
13:31:39.484 [Test worker] INFO org.springframework.test.web.servlet.TestDispatcherServlet -- Completed initialization in 0 ms
13:31:39.685 [Test worker] INFO org.springframework.mock.web.MockServletContext -- Initializing Spring TestDispatcherServlet ''
13:31:39.686 [Test worker] INFO org.springframework.test.web.servlet.TestDispatcherServlet -- Initializing Servlet ''
13:31:39.688 [Test worker] INFO org.springframework.test.web.servlet.TestDispatcherServlet -- Completed initialization in 1 ms
13:31:39.731 [Test worker] INFO org.springframework.mock.web.MockServletContext -- Initializing Spring TestDispatcherServlet ''
13:31:39.733 [Test worker] INFO org.springframework.test.web.servlet.TestDispatcherServlet -- Initializing Servlet ''
13:31:39.734 [Test worker] INFO org.springframework.test.web.servlet.TestDispatcherServlet -- Completed initialization in 0 ms
13:31:39.805 [Test worker] INFO org.springframework.mock.web.MockServletContext -- Initializing Spring TestDispatcherServlet ''
13:31:39.805 [Test worker] INFO org.springframework.test.web.servlet.TestDispatcherServlet -- Initializing Servlet ''
13:31:39.805 [Test worker] INFO org.springframework.test.web.servlet.TestDispatcherServlet -- Completed initialization in 0 ms
13:31:39.871 [Test worker] INFO org.springframework.mock.web.MockServletContext -- Initializing Spring TestDispatcherServlet ''
13:31:39.875 [Test worker] INFO org.springframework.test.web.servlet.TestDispatcherServlet -- Initializing Servlet ''
13:31:39.876 [Test worker] INFO org.springframework.test.web.servlet.TestDispatcherServlet -- Completed initialization in 0 ms
13:31:39.931 [Test worker] INFO org.springframework.mock.web.MockServletContext -- Initializing Spring TestDispatcherServlet ''
13:31:39.932 [Test worker] INFO org.springframework.test.web.servlet.TestDispatcherServlet -- Initializing Servlet ''
13:31:39.934 [Test worker] INFO org.springframework.test.web.servlet.TestDispatcherServlet -- Completed initialization in 0 ms
13:31:39.982 [Test worker] INFO org.springframework.mock.web.MockServletContext -- Initializing Spring TestDispatcherServlet ''
13:31:39.984 [Test worker] INFO org.springframework.test.web.servlet.TestDispatcherServlet -- Initializing Servlet ''
13:31:39.987 [Test worker] INFO org.springframework.test.web.servlet.TestDispatcherServlet -- Completed initialization in 0 ms
13:31:40.037 [Test worker] INFO org.springframework.mock.web.MockServletContext -- Initializing Spring TestDispatcherServlet ''
13:31:40.037 [Test worker] INFO org.springframework.test.web.servlet.TestDispatcherServlet -- Initializing Servlet ''
13:31:40.037 [Test worker] INFO org.springframework.test.web.servlet.TestDispatcherServlet -- Completed initialization in 0 ms
13:31:40.069 [Test worker] INFO org.springframework.mock.web.MockServletContext -- Initializing Spring TestDispatcherServlet ''
13:31:40.070 [Test worker] INFO org.springframework.test.web.servlet.TestDispatcherServlet -- Initializing Servlet ''
13:31:40.070 [Test worker] INFO org.springframework.test.web.servlet.TestDispatcherServlet -- Completed initialization in 0 ms
]]></system-out>
  <system-err><![CDATA[Mockito is currently self-attaching to enable the inline-mock-maker. This will no longer work in future releases of the JDK. Please add Mockito as an agent to your build what is described in Mockito's documentation: https://javadoc.io/doc/org.mockito/mockito-core/latest/org/mockito/Mockito.html#0.3
WARNING: A Java agent has been loaded dynamically (/home/codespace/.gradle/caches/modules-2/files-2.1/net.bytebuddy/byte-buddy-agent/1.15.10/e8eb255b2c378b9a6c7341e7b0e12f0a5636377/byte-buddy-agent-1.15.10.jar)
WARNING: If a serviceability tool is in use, please run with -XX:+EnableDynamicAgentLoading to hide this warning
WARNING: If a serviceability tool is not in use, please run with -Djdk.instrument.traceUsage for more information
WARNING: Dynamic loading of agents will be disallowed by default in a future release
]]></system-err>
</testsuite>
