<?xml version="1.0" encoding="UTF-8"?>
<testsuite name="ro.unibuc.hello.service.GameServiceTest" tests="12" skipped="0" failures="0" errors="0" timestamp="2025-03-24T11:29:34" hostname="codespaces-d414a7" time="0.788">
  <properties/>
  <testcase name="testGetGameById_GameExists()" classname="ro.unibuc.hello.service.GameServiceTest" time="0.646"/>
  <testcase name="testGetAllGamesByGenre()" classname="ro.unibuc.hello.service.GameServiceTest" time="0.007"/>
  <testcase name="testAddGame()" classname="ro.unibuc.hello.service.GameServiceTest" time="0.007"/>
  <testcase name="testDeleteAllGames()" classname="ro.unibuc.hello.service.GameServiceTest" time="0.006"/>
  <testcase name="testGetAllGames()" classname="ro.unibuc.hello.service.GameServiceTest" time="0.002"/>
  <testcase name="testAddReview_GameNotFound()" classname="ro.unibuc.hello.service.GameServiceTest" time="0.005"/>
  <testcase name="testGetReviewsForGame()" classname="ro.unibuc.hello.service.GameServiceTest" time="0.005"/>
  <testcase name="testAddReview_UserNotRentedGame()" classname="ro.unibuc.hello.service.GameServiceTest" time="0.008"/>
  <testcase name="testAddReview_Success()" classname="ro.unibuc.hello.service.GameServiceTest" time="0.065"/>
  <testcase name="testGetGameById_GameNotFound()" classname="ro.unibuc.hello.service.GameServiceTest" time="0.008"/>
  <testcase name="testDeleteGame()" classname="ro.unibuc.hello.service.GameServiceTest" time="0.006"/>
  <testcase name="testAddReview_AlreadyReviewed()" classname="ro.unibuc.hello.service.GameServiceTest" time="0.009"/>
  <system-out><![CDATA[]]></system-out>
  <system-err><![CDATA[]]></system-err>
</testsuite>
