<?xml version="1.0" encoding="UTF-8"?>
<testsuite name="ro.unibuc.hello.dto.GreetingTest" tests="2" skipped="0" failures="0" errors="0" timestamp="2025-04-01T07:17:09" hostname="codespaces-0ea420" time="0.006">
  <properties/>
  <testcase name="test_id()" classname="ro.unibuc.hello.dto.GreetingTest" time="0.0"/>
  <testcase name="test_content()" classname="ro.unibuc.hello.dto.GreetingTest" time="0.004"/>
  <system-out><![CDATA[]]></system-out>
  <system-err><![CDATA[]]></system-err>
</testsuite>
