<?xml version="1.0" encoding="UTF-8"?>
<testsuite name="ro.unibuc.hello.controller.GreetingsControllerTest" tests="7" skipped="0" failures="0" errors="0" timestamp="2025-03-11T21:36:50" hostname="4bbd5abac631" time="5.348">
  <properties/>
  <testcase name="test_info()" classname="ro.unibuc.hello.controller.GreetingsControllerTest" time="4.777"/>
  <testcase name="test_getAllGreetings()" classname="ro.unibuc.hello.controller.GreetingsControllerTest" time="0.062"/>
  <testcase name="test_updateGreeting()" classname="ro.unibuc.hello.controller.GreetingsControllerTest" time="0.278"/>
  <testcase name="test_createGreeting()" classname="ro.unibuc.hello.controller.GreetingsControllerTest" time="0.049"/>
  <testcase name="test_info_cascadesException()" classname="ro.unibuc.hello.controller.GreetingsControllerTest" time="0.05"/>
  <testcase name="test_deleteGreeting()" classname="ro.unibuc.hello.controller.GreetingsControllerTest" time="0.066"/>
  <testcase name="test_sayHello()" classname="ro.unibuc.hello.controller.GreetingsControllerTest" time="0.039"/>
  <system-out><![CDATA[21:36:54.279 [Test worker] INFO org.springframework.mock.web.MockServletContext -- Initializing Spring TestDispatcherServlet ''
21:36:54.285 [Test worker] INFO org.springframework.test.web.servlet.TestDispatcherServlet -- Initializing Servlet ''
21:36:54.302 [Test worker] INFO org.springframework.test.web.servlet.TestDispatcherServlet -- Completed initialization in 12 ms
21:36:54.926 [Test worker] INFO org.springframework.mock.web.MockServletContext -- Initializing Spring TestDispatcherServlet ''
21:36:54.927 [Test worker] INFO org.springframework.test.web.servlet.TestDispatcherServlet -- Initializing Servlet ''
21:36:54.931 [Test worker] INFO org.springframework.test.web.servlet.TestDispatcherServlet -- Completed initialization in 4 ms
21:36:55.083 [Test worker] INFO org.springframework.mock.web.MockServletContext -- Initializing Spring TestDispatcherServlet ''
21:36:55.085 [Test worker] INFO org.springframework.test.web.servlet.TestDispatcherServlet -- Initializing Servlet ''
21:36:55.085 [Test worker] INFO org.springframework.test.web.servlet.TestDispatcherServlet -- Completed initialization in 0 ms
21:36:55.278 [Test worker] INFO org.springframework.mock.web.MockServletContext -- Initializing Spring TestDispatcherServlet ''
21:36:55.279 [Test worker] INFO org.springframework.test.web.servlet.TestDispatcherServlet -- Initializing Servlet ''
21:36:55.279 [Test worker] INFO org.springframework.test.web.servlet.TestDispatcherServlet -- Completed initialization in 0 ms
21:36:55.327 [Test worker] INFO org.springframework.mock.web.MockServletContext -- Initializing Spring TestDispatcherServlet ''
21:36:55.329 [Test worker] INFO org.springframework.test.web.servlet.TestDispatcherServlet -- Initializing Servlet ''
21:36:55.331 [Test worker] INFO org.springframework.test.web.servlet.TestDispatcherServlet -- Completed initialization in 1 ms
21:36:55.376 [Test worker] INFO org.springframework.mock.web.MockServletContext -- Initializing Spring TestDispatcherServlet ''
21:36:55.376 [Test worker] INFO org.springframework.test.web.servlet.TestDispatcherServlet -- Initializing Servlet ''
21:36:55.377 [Test worker] INFO org.springframework.test.web.servlet.TestDispatcherServlet -- Completed initialization in 1 ms
21:36:55.440 [Test worker] INFO org.springframework.mock.web.MockServletContext -- Initializing Spring TestDispatcherServlet ''
21:36:55.440 [Test worker] INFO org.springframework.test.web.servlet.TestDispatcherServlet -- Initializing Servlet ''
21:36:55.441 [Test worker] INFO org.springframework.test.web.servlet.TestDispatcherServlet -- Completed initialization in 1 ms
]]></system-out>
  <system-err><![CDATA[Mockito is currently self-attaching to enable the inline-mock-maker. This will no longer work in future releases of the JDK. Please add Mockito as an agent to your build what is described in Mockito's documentation: https://javadoc.io/doc/org.mockito/mockito-core/latest/org/mockito/Mockito.html#0.3
WARNING: A Java agent has been loaded dynamically (/home/gradle/.gradle/caches/modules-2/files-2.1/net.bytebuddy/byte-buddy-agent/1.15.10/e8eb255b2c378b9a6c7341e7b0e12f0a5636377/byte-buddy-agent-1.15.10.jar)
WARNING: If a serviceability tool is in use, please run with -XX:+EnableDynamicAgentLoading to hide this warning
WARNING: If a serviceability tool is not in use, please run with -Djdk.instrument.traceUsage for more information
WARNING: Dynamic loading of agents will be disallowed by default in a future release
]]></system-err>
</testsuite>
