<?xml version="1.0" encoding="UTF-8"?>
<testsuite name="ro.unibuc.hello.controller.UserIntegrationTest" tests="5" skipped="0" failures="0" errors="0" timestamp="2025-04-01T07:17:06" hostname="codespaces-0ea420" time="0.244">
  <properties/>
  <testcase name="testDeleteAllUsers()" classname="ro.unibuc.hello.controller.UserIntegrationTest" time="0.075"/>
  <testcase name="testGetAllUsers()" classname="ro.unibuc.hello.controller.UserIntegrationTest" time="0.041"/>
  <testcase name="testAddMoney()" classname="ro.unibuc.hello.controller.UserIntegrationTest" time="0.043"/>
  <testcase name="testAddMoneyToNonExistingUser()" classname="ro.unibuc.hello.controller.UserIntegrationTest" time="0.033"/>
  <testcase name="testGetUserById()" classname="ro.unibuc.hello.controller.UserIntegrationTest" time="0.039"/>
  <system-out><![CDATA[2025-04-01T07:17:03.686Z  INFO 12470 --- [    Test worker] t.c.s.AnnotationConfigContextLoaderUtils : Could not detect default configuration classes for test class [ro.unibuc.hello.controller.UserIntegrationTest]: UserIntegrationTest does not declare any static, non-private, non-final, nested classes annotated with @Configuration.
2025-04-01T07:17:03.691Z  INFO 12470 --- [    Test worker] .b.t.c.SpringBootTestContextBootstrapper : Found @SpringBootConfiguration ro.unibuc.hello.HelloApplication for test class ro.unibuc.hello.controller.UserIntegrationTest
2025-04-01T07:17:03.694Z  INFO 12470 --- [    Test worker] tc.mongo:6.0.20                          : Creating container for image: mongo:6.0.20
2025-04-01T07:17:03.737Z  INFO 12470 --- [    Test worker] tc.mongo:6.0.20                          : Container mongo:6.0.20 is starting: 028119f0cc23ebc76029347526d1ec836387ff451b2cfe748ae2231d31a39323
2025-04-01T07:17:04.606Z  INFO 12470 --- [    Test worker] tc.mongo:6.0.20                          : Container mongo:6.0.20 started in PT0.912238389S

  .   ____          _            __ _ _
 /\\ / ___'_ __ _ _(_)_ __  __ _ \ \ \ \
( ( )\___ | '_ | '_| | '_ \/ _` | \ \ \ \
 \\/  ___)| |_)| | | | | || (_| |  ) ) ) )
  '  |____| .__|_| |_|_| |_\__, | / / / /
 =========|_|==============|___/=/_/_/_/

 :: Spring Boot ::                (v3.4.0)

2025-04-01T07:17:05.635Z  INFO 12470 --- [    Test worker] r.u.h.controller.UserIntegrationTest     : Starting UserIntegrationTest using Java 21.0.6 with PID 12470 (started by codespace in /workspaces/GameLibraryAPI)
2025-04-01T07:17:05.636Z  INFO 12470 --- [    Test worker] r.u.h.controller.UserIntegrationTest     : No active profile set, falling back to 1 default profile: "default"
2025-04-01T07:17:05.822Z  INFO 12470 --- [    Test worker] .s.d.r.c.RepositoryConfigurationDelegate : Bootstrapping Spring Data MongoDB repositories in DEFAULT mode.
2025-04-01T07:17:05.825Z  INFO 12470 --- [    Test worker] .i.s.PathMatchingResourcePatternResolver : Skipping search for files matching pattern [**/*.class]: directory [/workspaces/GameLibraryAPI/build/classes/java/test/ro/unibuc/hello/data] does not exist
2025-04-01T07:17:05.830Z  INFO 12470 --- [    Test worker] .i.s.PathMatchingResourcePatternResolver : Skipping search for files matching pattern [**/*Impl.class]: directory [/workspaces/GameLibraryAPI/build/classes/java/test/ro/unibuc/hello/data] does not exist
2025-04-01T07:17:05.835Z  INFO 12470 --- [    Test worker] .s.d.r.c.RepositoryConfigurationDelegate : Finished Spring Data repository scanning in 11 ms. Found 5 MongoDB repository interfaces.
2025-04-01T07:17:06.188Z  INFO 12470 --- [    Test worker] org.mongodb.driver.client                : MongoClient with metadata {"driver": {"name": "mongo-java-driver|sync", "version": "5.2.1"}, "os": {"type": "Linux", "name": "Linux", "architecture": "amd64", "version": "6.8.0-1021-azure"}, "platform": "Java/Ubuntu/21.0.6+7-Ubuntu-120.04.1", "env": {"container": {"runtime": "docker"}}} created with settings MongoClientSettings{readPreference=primary, writeConcern=WriteConcern{w=null, wTimeout=null ms, journal=null}, retryWrites=true, retryReads=true, readConcern=ReadConcern{level=null}, credential=MongoCredential{mechanism=null, userName='root', source='admin', password=<hidden>, mechanismProperties=<hidden>}, transportSettings=null, commandListeners=[], codecRegistry=ProvidersCodecRegistry{codecProviders=[ValueCodecProvider{}, BsonValueCodecProvider{}, DBRefCodecProvider{}, DBObjectCodecProvider{}, DocumentCodecProvider{}, CollectionCodecProvider{}, IterableCodecProvider{}, MapCodecProvider{}, GeoJsonCodecProvider{}, GridFSFileCodecProvider{}, Jsr310CodecProvider{}, JsonObjectCodecProvider{}, BsonCodecProvider{}, EnumCodecProvider{}, com.mongodb.client.model.mql.ExpressionCodecProvider@75b18097, com.mongodb.Jep395RecordCodecProvider@159d6740, com.mongodb.KotlinCodecProvider@5e81d985]}, loggerSettings=LoggerSettings{maxDocumentLength=1000}, clusterSettings={hosts=[localhost:27017], srvServiceName=mongodb, mode=SINGLE, requiredClusterType=UNKNOWN, requiredReplicaSetName='null', serverSelector='null', clusterListeners='[]', serverSelectionTimeout='30000 ms', localThreshold='15 ms'}, socketSettings=SocketSettings{connectTimeoutMS=10000, readTimeoutMS=0, receiveBufferSize=0, proxySettings=ProxySettings{host=null, port=null, username=null, password=null}}, heartbeatSocketSettings=SocketSettings{connectTimeoutMS=10000, readTimeoutMS=10000, receiveBufferSize=0, proxySettings=ProxySettings{host=null, port=null, username=null, password=null}}, connectionPoolSettings=ConnectionPoolSettings{maxSize=100, minSize=0, maxWaitTimeMS=120000, maxConnectionLifeTimeMS=0, maxConnectionIdleTimeMS=0, maintenanceInitialDelayMS=0, maintenanceFrequencyMS=60000, connectionPoolListeners=[], maxConnecting=2}, serverSettings=ServerSettings{heartbeatFrequencyMS=10000, minHeartbeatFrequencyMS=500, serverMonitoringMode=AUTO, serverListeners='[]', serverMonitorListeners='[]'}, sslSettings=SslSettings{enabled=false, invalidHostNameAllowed=false, context=null}, applicationName='null', compressorList=[], uuidRepresentation=UNSPECIFIED, serverApi=null, autoEncryptionSettings=null, dnsClient=null, inetAddressResolver=null, contextProvider=null, timeoutMS=null}
2025-04-01T07:17:06.200Z  INFO 12470 --- [localhost:27017] org.mongodb.driver.cluster               : Monitor thread successfully connected to server with description ServerDescription{address=localhost:27017, type=STANDALONE, cryptd=false, state=CONNECTED, ok=true, minWireVersion=0, maxWireVersion=17, maxDocumentSize=16777216, logicalSessionTimeoutMinutes=30, roundTripTimeNanos=12504736, minRoundTripTimeNanos=0}
2025-04-01T07:17:06.704Z  INFO 12470 --- [    Test worker] o.s.b.t.m.w.SpringBootMockServletContext : Initializing Spring TestDispatcherServlet ''
2025-04-01T07:17:06.704Z  INFO 12470 --- [    Test worker] o.s.t.web.servlet.TestDispatcherServlet  : Initializing Servlet ''
2025-04-01T07:17:06.713Z  INFO 12470 --- [    Test worker] o.s.b.a.e.web.EndpointLinksResolver      : Exposing 1 endpoint beneath base path '/actuator'
2025-04-01T07:17:06.721Z  INFO 12470 --- [    Test worker] o.s.t.web.servlet.TestDispatcherServlet  : Completed initialization in 16 ms
2025-04-01T07:17:06.748Z  INFO 12470 --- [    Test worker] r.u.h.controller.UserIntegrationTest     : Started UserIntegrationTest in 1.144 seconds (process running for 25.367)
]]></system-out>
  <system-err><![CDATA[]]></system-err>
</testsuite>
