<?xml version="1.0" encoding="UTF-8"?>
<testsuite name="ro.unibuc.hello.controller.UserControllerTest" tests="7" skipped="0" failures="0" errors="0" timestamp="2025-04-08T07:31:47" hostname="0af3044a050c" time="0.398">
  <properties/>
  <testcase name="testAddMoney_UserNotFound()" classname="ro.unibuc.hello.controller.UserControllerTest" time="0.183"/>
  <testcase name="testAddUser()" classname="ro.unibuc.hello.controller.UserControllerTest" time="0.058"/>
  <testcase name="testDeleteAllUsers()" classname="ro.unibuc.hello.controller.UserControllerTest" time="0.013"/>
  <testcase name="testGetAllUsers()" classname="ro.unibuc.hello.controller.UserControllerTest" time="0.027"/>
  <testcase name="testGetUserById_UserExists()" classname="ro.unibuc.hello.controller.UserControllerTest" time="0.032"/>
  <testcase name="testAddMoney_UserExists()" classname="ro.unibuc.hello.controller.UserControllerTest" time="0.054"/>
  <testcase name="testGetUserById_UserNotFound()" classname="ro.unibuc.hello.controller.UserControllerTest" time="0.016"/>
  <system-out><![CDATA[07:31:47.225 [Test worker] INFO org.springframework.mock.web.MockServletContext -- Initializing Spring TestDispatcherServlet ''
07:31:47.228 [Test worker] INFO org.springframework.test.web.servlet.TestDispatcherServlet -- Initializing Servlet ''
07:31:47.228 [Test worker] INFO org.springframework.test.web.servlet.TestDispatcherServlet -- Completed initialization in 0 ms
07:31:47.244 [Test worker] WARN org.springframework.web.servlet.PageNotFound -- No mapping for PATCH /users/AddMoney/2/50.0
07:31:47.250 [Test worker] WARN org.springframework.web.servlet.PageNotFound -- No endpoint PATCH /users/AddMoney/2/50.0.
07:31:47.290 [Test worker] INFO org.springframework.mock.web.MockServletContext -- Initializing Spring TestDispatcherServlet ''
07:31:47.294 [Test worker] INFO org.springframework.test.web.servlet.TestDispatcherServlet -- Initializing Servlet ''
07:31:47.294 [Test worker] INFO org.springframework.test.web.servlet.TestDispatcherServlet -- Completed initialization in 0 ms
07:31:47.338 [Test worker] INFO org.springframework.mock.web.MockServletContext -- Initializing Spring TestDispatcherServlet ''
07:31:47.339 [Test worker] INFO org.springframework.test.web.servlet.TestDispatcherServlet -- Initializing Servlet ''
07:31:47.339 [Test worker] INFO org.springframework.test.web.servlet.TestDispatcherServlet -- Completed initialization in 0 ms
07:31:47.356 [Test worker] INFO org.springframework.mock.web.MockServletContext -- Initializing Spring TestDispatcherServlet ''
07:31:47.356 [Test worker] INFO org.springframework.test.web.servlet.TestDispatcherServlet -- Initializing Servlet ''
07:31:47.356 [Test worker] INFO org.springframework.test.web.servlet.TestDispatcherServlet -- Completed initialization in 0 ms
07:31:47.388 [Test worker] INFO org.springframework.mock.web.MockServletContext -- Initializing Spring TestDispatcherServlet ''
07:31:47.388 [Test worker] INFO org.springframework.test.web.servlet.TestDispatcherServlet -- Initializing Servlet ''
07:31:47.389 [Test worker] INFO org.springframework.test.web.servlet.TestDispatcherServlet -- Completed initialization in 1 ms
07:31:47.430 [Test worker] INFO org.springframework.mock.web.MockServletContext -- Initializing Spring TestDispatcherServlet ''
07:31:47.431 [Test worker] INFO org.springframework.test.web.servlet.TestDispatcherServlet -- Initializing Servlet ''
07:31:47.431 [Test worker] INFO org.springframework.test.web.servlet.TestDispatcherServlet -- Completed initialization in 0 ms
07:31:47.475 [Test worker] INFO org.springframework.mock.web.MockServletContext -- Initializing Spring TestDispatcherServlet ''
07:31:47.475 [Test worker] INFO org.springframework.test.web.servlet.TestDispatcherServlet -- Initializing Servlet ''
07:31:47.476 [Test worker] INFO org.springframework.test.web.servlet.TestDispatcherServlet -- Completed initialization in 0 ms
07:31:47.477 [Test worker] WARN org.springframework.web.servlet.PageNotFound -- No mapping for GET /users/Find/2
07:31:47.478 [Test worker] WARN org.springframework.web.servlet.PageNotFound -- No endpoint GET /users/Find/2.
]]></system-out>
  <system-err><![CDATA[]]></system-err>
</testsuite>
