<?xml version="1.0" encoding="UTF-8"?>
<testsuite name="ro.unibuc.hello.controller.RentControllerIntegrationTest" tests="6" skipped="0" failures="0" errors="0" timestamp="2025-04-01T07:17:03" hostname="codespaces-0ea420" time="0.584">
  <properties/>
  <testcase name="testDeleteAllRents()" classname="ro.unibuc.hello.controller.RentControllerIntegrationTest" time="0.122"/>
  <testcase name="testExtendRent_Success()" classname="ro.unibuc.hello.controller.RentControllerIntegrationTest" time="0.175"/>
  <testcase name="testGetAllRents()" classname="ro.unibuc.hello.controller.RentControllerIntegrationTest" time="0.09"/>
  <testcase name="testExtendRent_InvalidDate()" classname="ro.unibuc.hello.controller.RentControllerIntegrationTest" time="0.076"/>
  <testcase name="testRentGame_BadRequest()" classname="ro.unibuc.hello.controller.RentControllerIntegrationTest" time="0.06"/>
  <testcase name="testRentGame_Success()" classname="ro.unibuc.hello.controller.RentControllerIntegrationTest" time="0.052"/>
  <system-out><![CDATA[2025-04-01T07:17:01.971Z  INFO 12470 --- [    Test worker] t.c.s.AnnotationConfigContextLoaderUtils : Could not detect default configuration classes for test class [ro.unibuc.hello.controller.RentControllerIntegrationTest]: RentControllerIntegrationTest does not declare any static, non-private, non-final, nested classes annotated with @Configuration.
2025-04-01T07:17:01.982Z  INFO 12470 --- [    Test worker] .b.t.c.SpringBootTestContextBootstrapper : Found @SpringBootConfiguration ro.unibuc.hello.HelloApplication for test class ro.unibuc.hello.controller.RentControllerIntegrationTest

  .   ____          _            __ _ _
 /\\ / ___'_ __ _ _(_)_ __  __ _ \ \ \ \
( ( )\___ | '_ | '_| | '_ \/ _` | \ \ \ \
 \\/  ___)| |_)| | | | | || (_| |  ) ) ) )
  '  |____| .__|_| |_|_| |_\__, | / / / /
 =========|_|==============|___/=/_/_/_/

 :: Spring Boot ::                (v3.4.0)

2025-04-01T07:17:02.040Z  INFO 12470 --- [    Test worker] r.u.h.c.RentControllerIntegrationTest    : Starting RentControllerIntegrationTest using Java 21.0.6 with PID 12470 (started by codespace in /workspaces/GameLibraryAPI)
2025-04-01T07:17:02.041Z  INFO 12470 --- [    Test worker] r.u.h.c.RentControllerIntegrationTest    : No active profile set, falling back to 1 default profile: "default"
2025-04-01T07:17:02.314Z  INFO 12470 --- [    Test worker] .s.d.r.c.RepositoryConfigurationDelegate : Bootstrapping Spring Data MongoDB repositories in DEFAULT mode.
2025-04-01T07:17:02.316Z  INFO 12470 --- [    Test worker] .i.s.PathMatchingResourcePatternResolver : Skipping search for files matching pattern [**/*.class]: directory [/workspaces/GameLibraryAPI/build/classes/java/test/ro/unibuc/hello/data] does not exist
2025-04-01T07:17:02.320Z  INFO 12470 --- [    Test worker] .i.s.PathMatchingResourcePatternResolver : Skipping search for files matching pattern [**/*Impl.class]: directory [/workspaces/GameLibraryAPI/build/classes/java/test/ro/unibuc/hello/data] does not exist
2025-04-01T07:17:02.325Z  INFO 12470 --- [    Test worker] .s.d.r.c.RepositoryConfigurationDelegate : Finished Spring Data repository scanning in 8 ms. Found 5 MongoDB repository interfaces.
2025-04-01T07:17:02.503Z  INFO 12470 --- [    Test worker] org.mongodb.driver.client                : MongoClient with metadata {"driver": {"name": "mongo-java-driver|sync", "version": "5.2.1"}, "os": {"type": "Linux", "name": "Linux", "architecture": "amd64", "version": "6.8.0-1021-azure"}, "platform": "Java/Ubuntu/21.0.6+7-Ubuntu-120.04.1", "env": {"container": {"runtime": "docker"}}} created with settings MongoClientSettings{readPreference=primary, writeConcern=WriteConcern{w=null, wTimeout=null ms, journal=null}, retryWrites=true, retryReads=true, readConcern=ReadConcern{level=null}, credential=MongoCredential{mechanism=null, userName='root', source='admin', password=<hidden>, mechanismProperties=<hidden>}, transportSettings=null, commandListeners=[], codecRegistry=ProvidersCodecRegistry{codecProviders=[ValueCodecProvider{}, BsonValueCodecProvider{}, DBRefCodecProvider{}, DBObjectCodecProvider{}, DocumentCodecProvider{}, CollectionCodecProvider{}, IterableCodecProvider{}, MapCodecProvider{}, GeoJsonCodecProvider{}, GridFSFileCodecProvider{}, Jsr310CodecProvider{}, JsonObjectCodecProvider{}, BsonCodecProvider{}, EnumCodecProvider{}, com.mongodb.client.model.mql.ExpressionCodecProvider@75b18097, com.mongodb.Jep395RecordCodecProvider@159d6740, com.mongodb.KotlinCodecProvider@5e81d985]}, loggerSettings=LoggerSettings{maxDocumentLength=1000}, clusterSettings={hosts=[localhost:27017], srvServiceName=mongodb, mode=SINGLE, requiredClusterType=UNKNOWN, requiredReplicaSetName='null', serverSelector='null', clusterListeners='[]', serverSelectionTimeout='30000 ms', localThreshold='15 ms'}, socketSettings=SocketSettings{connectTimeoutMS=10000, readTimeoutMS=0, receiveBufferSize=0, proxySettings=ProxySettings{host=null, port=null, username=null, password=null}}, heartbeatSocketSettings=SocketSettings{connectTimeoutMS=10000, readTimeoutMS=10000, receiveBufferSize=0, proxySettings=ProxySettings{host=null, port=null, username=null, password=null}}, connectionPoolSettings=ConnectionPoolSettings{maxSize=100, minSize=0, maxWaitTimeMS=120000, maxConnectionLifeTimeMS=0, maxConnectionIdleTimeMS=0, maintenanceInitialDelayMS=0, maintenanceFrequencyMS=60000, connectionPoolListeners=[], maxConnecting=2}, serverSettings=ServerSettings{heartbeatFrequencyMS=10000, minHeartbeatFrequencyMS=500, serverMonitoringMode=AUTO, serverListeners='[]', serverMonitorListeners='[]'}, sslSettings=SslSettings{enabled=false, invalidHostNameAllowed=false, context=null}, applicationName='null', compressorList=[], uuidRepresentation=UNSPECIFIED, serverApi=null, autoEncryptionSettings=null, dnsClient=null, inetAddressResolver=null, contextProvider=null, timeoutMS=null}
2025-04-01T07:17:02.508Z  INFO 12470 --- [localhost:27017] org.mongodb.driver.cluster               : Monitor thread successfully connected to server with description ServerDescription{address=localhost:27017, type=STANDALONE, cryptd=false, state=CONNECTED, ok=true, minWireVersion=0, maxWireVersion=17, maxDocumentSize=16777216, logicalSessionTimeoutMinutes=30, roundTripTimeNanos=3441905, minRoundTripTimeNanos=0}
2025-04-01T07:17:03.034Z  INFO 12470 --- [    Test worker] o.s.b.t.m.w.SpringBootMockServletContext : Initializing Spring TestDispatcherServlet ''
2025-04-01T07:17:03.035Z  INFO 12470 --- [    Test worker] o.s.t.web.servlet.TestDispatcherServlet  : Initializing Servlet ''
2025-04-01T07:17:03.039Z  INFO 12470 --- [    Test worker] o.s.b.a.e.web.EndpointLinksResolver      : Exposing 1 endpoint beneath base path '/actuator'
2025-04-01T07:17:03.043Z  INFO 12470 --- [    Test worker] o.s.t.web.servlet.TestDispatcherServlet  : Completed initialization in 8 ms
2025-04-01T07:17:03.084Z  INFO 12470 --- [    Test worker] r.u.h.c.RentControllerIntegrationTest    : Started RentControllerIntegrationTest in 1.09 seconds (process running for 21.703)
]]></system-out>
  <system-err><![CDATA[]]></system-err>
</testsuite>
