<?xml version="1.0" encoding="UTF-8"?>
<testsuite name="ro.unibuc.hello.controller.GreetingsControllerTest" tests="7" skipped="0" failures="0" errors="0" timestamp="2025-03-07T12:03:57" hostname="codespaces-ac82e3" time="6.25">
  <properties/>
  <testcase name="test_info()" classname="ro.unibuc.hello.controller.GreetingsControllerTest" time="5.484"/>
  <testcase name="test_getAllGreetings()" classname="ro.unibuc.hello.controller.GreetingsControllerTest" time="0.092"/>
  <testcase name="test_updateGreeting()" classname="ro.unibuc.hello.controller.GreetingsControllerTest" time="0.382"/>
  <testcase name="test_createGreeting()" classname="ro.unibuc.hello.controller.GreetingsControllerTest" time="0.052"/>
  <testcase name="test_info_cascadesException()" classname="ro.unibuc.hello.controller.GreetingsControllerTest" time="0.062"/>
  <testcase name="test_deleteGreeting()" classname="ro.unibuc.hello.controller.GreetingsControllerTest" time="0.08"/>
  <testcase name="test_sayHello()" classname="ro.unibuc.hello.controller.GreetingsControllerTest" time="0.052"/>
  <system-out><![CDATA[12:04:02.752 [Test worker] INFO org.springframework.mock.web.MockServletContext -- Initializing Spring TestDispatcherServlet ''
12:04:02.757 [Test worker] INFO org.springframework.test.web.servlet.TestDispatcherServlet -- Initializing Servlet ''
12:04:02.767 [Test worker] INFO org.springframework.test.web.servlet.TestDispatcherServlet -- Completed initialization in 6 ms
12:04:03.514 [Test worker] INFO org.springframework.mock.web.MockServletContext -- Initializing Spring TestDispatcherServlet ''
12:04:03.514 [Test worker] INFO org.springframework.test.web.servlet.TestDispatcherServlet -- Initializing Servlet ''
12:04:03.516 [Test worker] INFO org.springframework.test.web.servlet.TestDispatcherServlet -- Completed initialization in 1 ms
12:04:03.718 [Test worker] INFO org.springframework.mock.web.MockServletContext -- Initializing Spring TestDispatcherServlet ''
12:04:03.720 [Test worker] INFO org.springframework.test.web.servlet.TestDispatcherServlet -- Initializing Servlet ''
12:04:03.726 [Test worker] INFO org.springframework.test.web.servlet.TestDispatcherServlet -- Completed initialization in 1 ms
12:04:03.997 [Test worker] INFO org.springframework.mock.web.MockServletContext -- Initializing Spring TestDispatcherServlet ''
12:04:03.998 [Test worker] INFO org.springframework.test.web.servlet.TestDispatcherServlet -- Initializing Servlet ''
12:04:03.999 [Test worker] INFO org.springframework.test.web.servlet.TestDispatcherServlet -- Completed initialization in 0 ms
12:04:04.047 [Test worker] INFO org.springframework.mock.web.MockServletContext -- Initializing Spring TestDispatcherServlet ''
12:04:04.049 [Test worker] INFO org.springframework.test.web.servlet.TestDispatcherServlet -- Initializing Servlet ''
12:04:04.051 [Test worker] INFO org.springframework.test.web.servlet.TestDispatcherServlet -- Completed initialization in 1 ms
12:04:04.111 [Test worker] INFO org.springframework.mock.web.MockServletContext -- Initializing Spring TestDispatcherServlet ''
12:04:04.114 [Test worker] INFO org.springframework.test.web.servlet.TestDispatcherServlet -- Initializing Servlet ''
12:04:04.115 [Test worker] INFO org.springframework.test.web.servlet.TestDispatcherServlet -- Completed initialization in 0 ms
12:04:04.199 [Test worker] INFO org.springframework.mock.web.MockServletContext -- Initializing Spring TestDispatcherServlet ''
12:04:04.202 [Test worker] INFO org.springframework.test.web.servlet.TestDispatcherServlet -- Initializing Servlet ''
12:04:04.204 [Test worker] INFO org.springframework.test.web.servlet.TestDispatcherServlet -- Completed initialization in 1 ms
]]></system-out>
  <system-err><![CDATA[Mockito is currently self-attaching to enable the inline-mock-maker. This will no longer work in future releases of the JDK. Please add Mockito as an agent to your build what is described in Mockito's documentation: https://javadoc.io/doc/org.mockito/mockito-core/latest/org/mockito/Mockito.html#0.3
WARNING: A Java agent has been loaded dynamically (/home/codespace/.gradle/caches/modules-2/files-2.1/net.bytebuddy/byte-buddy-agent/1.15.10/e8eb255b2c378b9a6c7341e7b0e12f0a5636377/byte-buddy-agent-1.15.10.jar)
WARNING: If a serviceability tool is in use, please run with -XX:+EnableDynamicAgentLoading to hide this warning
WARNING: If a serviceability tool is not in use, please run with -Djdk.instrument.traceUsage for more information
WARNING: Dynamic loading of agents will be disallowed by default in a future release
]]></system-err>
</testsuite>
