<?xml version="1.0" encoding="UTF-8"?>
<testsuite name="ro.unibuc.hello.service.GameServiceTest" tests="12" skipped="0" failures="0" errors="0" timestamp="2025-04-08T07:31:47" hostname="0af3044a050c" time="1.02">
  <properties/>
  <testcase name="testGetGameById_GameExists()" classname="ro.unibuc.hello.service.GameServiceTest" time="0.783"/>
  <testcase name="testGetAllGamesByGenre()" classname="ro.unibuc.hello.service.GameServiceTest" time="0.005"/>
  <testcase name="testAddGame()" classname="ro.unibuc.hello.service.GameServiceTest" time="0.011"/>
  <testcase name="testDeleteAllGames()" classname="ro.unibuc.hello.service.GameServiceTest" time="0.008"/>
  <testcase name="testGetAllGames()" classname="ro.unibuc.hello.service.GameServiceTest" time="0.005"/>
  <testcase name="testAddReview_GameNotFound()" classname="ro.unibuc.hello.service.GameServiceTest" time="0.012"/>
  <testcase name="testGetReviewsForGame()" classname="ro.unibuc.hello.service.GameServiceTest" time="0.014"/>
  <testcase name="testAddReview_UserNotRentedGame()" classname="ro.unibuc.hello.service.GameServiceTest" time="0.015"/>
  <testcase name="testAddReview_Success()" classname="ro.unibuc.hello.service.GameServiceTest" time="0.138"/>
  <testcase name="testGetGameById_GameNotFound()" classname="ro.unibuc.hello.service.GameServiceTest" time="0.006"/>
  <testcase name="testDeleteGame()" classname="ro.unibuc.hello.service.GameServiceTest" time="0.003"/>
  <testcase name="testAddReview_AlreadyReviewed()" classname="ro.unibuc.hello.service.GameServiceTest" time="0.005"/>
  <system-out><![CDATA[]]></system-out>
  <system-err><![CDATA[]]></system-err>
</testsuite>
