<?xml version="1.0" encoding="UTF-8"?>
<testsuite name="ro.unibuc.hello.service.GameServiceTest" tests="12" skipped="0" failures="0" errors="0" timestamp="2025-03-31T09:22:06" hostname="codespaces-9d48ea" time="0.718">
  <properties/>
  <testcase name="testGetGameById_GameExists()" classname="ro.unibuc.hello.service.GameServiceTest" time="0.57"/>
  <testcase name="testGetAllGamesByGenre()" classname="ro.unibuc.hello.service.GameServiceTest" time="0.008"/>
  <testcase name="testAddGame()" classname="ro.unibuc.hello.service.GameServiceTest" time="0.013"/>
  <testcase name="testDeleteAllGames()" classname="ro.unibuc.hello.service.GameServiceTest" time="0.005"/>
  <testcase name="testGetAllGames()" classname="ro.unibuc.hello.service.GameServiceTest" time="0.01"/>
  <testcase name="testAddReview_GameNotFound()" classname="ro.unibuc.hello.service.GameServiceTest" time="0.008"/>
  <testcase name="testGetReviewsForGame()" classname="ro.unibuc.hello.service.GameServiceTest" time="0.003"/>
  <testcase name="testAddReview_UserNotRentedGame()" classname="ro.unibuc.hello.service.GameServiceTest" time="0.003"/>
  <testcase name="testAddReview_Success()" classname="ro.unibuc.hello.service.GameServiceTest" time="0.075"/>
  <testcase name="testGetGameById_GameNotFound()" classname="ro.unibuc.hello.service.GameServiceTest" time="0.004"/>
  <testcase name="testDeleteGame()" classname="ro.unibuc.hello.service.GameServiceTest" time="0.005"/>
  <testcase name="testAddReview_AlreadyReviewed()" classname="ro.unibuc.hello.service.GameServiceTest" time="0.004"/>
  <system-out><![CDATA[]]></system-out>
  <system-err><![CDATA[]]></system-err>
</testsuite>
