<?xml version="1.0" encoding="UTF-8"?>
<testsuite name="ro.unibuc.hello.controller.GreetingsControllerTest" tests="7" skipped="0" failures="0" errors="0" timestamp="2025-03-06T09:30:06" hostname="codespaces-6ff5ae" time="5.972">
  <properties/>
  <testcase name="test_info()" classname="ro.unibuc.hello.controller.GreetingsControllerTest" time="5.367"/>
  <testcase name="test_getAllGreetings()" classname="ro.unibuc.hello.controller.GreetingsControllerTest" time="0.07"/>
  <testcase name="test_updateGreeting()" classname="ro.unibuc.hello.controller.GreetingsControllerTest" time="0.274"/>
  <testcase name="test_createGreeting()" classname="ro.unibuc.hello.controller.GreetingsControllerTest" time="0.054"/>
  <testcase name="test_info_cascadesException()" classname="ro.unibuc.hello.controller.GreetingsControllerTest" time="0.073"/>
  <testcase name="test_deleteGreeting()" classname="ro.unibuc.hello.controller.GreetingsControllerTest" time="0.065"/>
  <testcase name="test_sayHello()" classname="ro.unibuc.hello.controller.GreetingsControllerTest" time="0.025"/>
  <system-out><![CDATA[09:30:10.835 [Test worker] INFO org.springframework.mock.web.MockServletContext -- Initializing Spring TestDispatcherServlet ''
09:30:10.840 [Test worker] INFO org.springframework.test.web.servlet.TestDispatcherServlet -- Initializing Servlet ''
09:30:10.848 [Test worker] INFO org.springframework.test.web.servlet.TestDispatcherServlet -- Completed initialization in 7 ms
09:30:11.481 [Test worker] INFO org.springframework.mock.web.MockServletContext -- Initializing Spring TestDispatcherServlet ''
09:30:11.481 [Test worker] INFO org.springframework.test.web.servlet.TestDispatcherServlet -- Initializing Servlet ''
09:30:11.481 [Test worker] INFO org.springframework.test.web.servlet.TestDispatcherServlet -- Completed initialization in 0 ms
09:30:11.553 [Test worker] INFO org.springframework.mock.web.MockServletContext -- Initializing Spring TestDispatcherServlet ''
09:30:11.554 [Test worker] INFO org.springframework.test.web.servlet.TestDispatcherServlet -- Initializing Servlet ''
09:30:11.555 [Test worker] INFO org.springframework.test.web.servlet.TestDispatcherServlet -- Completed initialization in 1 ms
09:30:11.819 [Test worker] INFO org.springframework.mock.web.MockServletContext -- Initializing Spring TestDispatcherServlet ''
09:30:11.821 [Test worker] INFO org.springframework.test.web.servlet.TestDispatcherServlet -- Initializing Servlet ''
09:30:11.830 [Test worker] INFO org.springframework.test.web.servlet.TestDispatcherServlet -- Completed initialization in 2 ms
09:30:11.904 [Test worker] INFO org.springframework.mock.web.MockServletContext -- Initializing Spring TestDispatcherServlet ''
09:30:11.909 [Test worker] INFO org.springframework.test.web.servlet.TestDispatcherServlet -- Initializing Servlet ''
09:30:11.910 [Test worker] INFO org.springframework.test.web.servlet.TestDispatcherServlet -- Completed initialization in 0 ms
09:30:11.948 [Test worker] INFO org.springframework.mock.web.MockServletContext -- Initializing Spring TestDispatcherServlet ''
09:30:11.949 [Test worker] INFO org.springframework.test.web.servlet.TestDispatcherServlet -- Initializing Servlet ''
09:30:11.952 [Test worker] INFO org.springframework.test.web.servlet.TestDispatcherServlet -- Completed initialization in 0 ms
09:30:12.011 [Test worker] INFO org.springframework.mock.web.MockServletContext -- Initializing Spring TestDispatcherServlet ''
09:30:12.013 [Test worker] INFO org.springframework.test.web.servlet.TestDispatcherServlet -- Initializing Servlet ''
09:30:12.014 [Test worker] INFO org.springframework.test.web.servlet.TestDispatcherServlet -- Completed initialization in 1 ms
]]></system-out>
  <system-err><![CDATA[Mockito is currently self-attaching to enable the inline-mock-maker. This will no longer work in future releases of the JDK. Please add Mockito as an agent to your build what is described in Mockito's documentation: https://javadoc.io/doc/org.mockito/mockito-core/latest/org/mockito/Mockito.html#0.3
WARNING: A Java agent has been loaded dynamically (/home/codespace/.gradle/caches/modules-2/files-2.1/net.bytebuddy/byte-buddy-agent/1.15.10/e8eb255b2c378b9a6c7341e7b0e12f0a5636377/byte-buddy-agent-1.15.10.jar)
WARNING: If a serviceability tool is in use, please run with -XX:+EnableDynamicAgentLoading to hide this warning
WARNING: If a serviceability tool is not in use, please run with -Djdk.instrument.traceUsage for more information
WARNING: Dynamic loading of agents will be disallowed by default in a future release
]]></system-err>
</testsuite>
