<?xml version="1.0" encoding="UTF-8"?>
<testsuite name="ro.unibuc.hello.dto.GreetingTest" tests="2" skipped="0" failures="0" errors="0" timestamp="2025-03-11T21:36:55" hostname="4bbd5abac631" time="0.009">
  <properties/>
  <testcase name="test_id()" classname="ro.unibuc.hello.dto.GreetingTest" time="0.004"/>
  <testcase name="test_content()" classname="ro.unibuc.hello.dto.GreetingTest" time="0.003"/>
  <system-out><![CDATA[]]></system-out>
  <system-err><![CDATA[]]></system-err>
</testsuite>
