<?xml version="1.0" encoding="UTF-8"?>
<testsuite name="ro.unibuc.hello.controller.GreetingsControllerTest" tests="7" skipped="0" failures="0" errors="0" timestamp="2025-03-06T12:58:34" hostname="codespaces-abaaf8" time="5.713">
  <properties/>
  <testcase name="test_info()" classname="ro.unibuc.hello.controller.GreetingsControllerTest" time="5.319"/>
  <testcase name="test_getAllGreetings()" classname="ro.unibuc.hello.controller.GreetingsControllerTest" time="0.041"/>
  <testcase name="test_updateGreeting()" classname="ro.unibuc.hello.controller.GreetingsControllerTest" time="0.197"/>
  <testcase name="test_createGreeting()" classname="ro.unibuc.hello.controller.GreetingsControllerTest" time="0.029"/>
  <testcase name="test_info_cascadesException()" classname="ro.unibuc.hello.controller.GreetingsControllerTest" time="0.041"/>
  <testcase name="test_deleteGreeting()" classname="ro.unibuc.hello.controller.GreetingsControllerTest" time="0.046"/>
  <testcase name="test_sayHello()" classname="ro.unibuc.hello.controller.GreetingsControllerTest" time="0.023"/>
  <system-out><![CDATA[12:58:39.281 [Test worker] INFO org.springframework.mock.web.MockServletContext -- Initializing Spring TestDispatcherServlet ''
12:58:39.286 [Test worker] INFO org.springframework.test.web.servlet.TestDispatcherServlet -- Initializing Servlet ''
12:58:39.298 [Test worker] INFO org.springframework.test.web.servlet.TestDispatcherServlet -- Completed initialization in 7 ms
12:58:39.962 [Test worker] INFO org.springframework.mock.web.MockServletContext -- Initializing Spring TestDispatcherServlet ''
12:58:39.962 [Test worker] INFO org.springframework.test.web.servlet.TestDispatcherServlet -- Initializing Servlet ''
12:58:39.962 [Test worker] INFO org.springframework.test.web.servlet.TestDispatcherServlet -- Completed initialization in 0 ms
12:58:40.010 [Test worker] INFO org.springframework.mock.web.MockServletContext -- Initializing Spring TestDispatcherServlet ''
12:58:40.010 [Test worker] INFO org.springframework.test.web.servlet.TestDispatcherServlet -- Initializing Servlet ''
12:58:40.011 [Test worker] INFO org.springframework.test.web.servlet.TestDispatcherServlet -- Completed initialization in 1 ms
12:58:40.205 [Test worker] INFO org.springframework.mock.web.MockServletContext -- Initializing Spring TestDispatcherServlet ''
12:58:40.206 [Test worker] INFO org.springframework.test.web.servlet.TestDispatcherServlet -- Initializing Servlet ''
12:58:40.207 [Test worker] INFO org.springframework.test.web.servlet.TestDispatcherServlet -- Completed initialization in 0 ms
12:58:40.240 [Test worker] INFO org.springframework.mock.web.MockServletContext -- Initializing Spring TestDispatcherServlet ''
12:58:40.240 [Test worker] INFO org.springframework.test.web.servlet.TestDispatcherServlet -- Initializing Servlet ''
12:58:40.242 [Test worker] INFO org.springframework.test.web.servlet.TestDispatcherServlet -- Completed initialization in 1 ms
12:58:40.273 [Test worker] INFO org.springframework.mock.web.MockServletContext -- Initializing Spring TestDispatcherServlet ''
12:58:40.275 [Test worker] INFO org.springframework.test.web.servlet.TestDispatcherServlet -- Initializing Servlet ''
12:58:40.276 [Test worker] INFO org.springframework.test.web.servlet.TestDispatcherServlet -- Completed initialization in 0 ms
12:58:40.319 [Test worker] INFO org.springframework.mock.web.MockServletContext -- Initializing Spring TestDispatcherServlet ''
12:58:40.320 [Test worker] INFO org.springframework.test.web.servlet.TestDispatcherServlet -- Initializing Servlet ''
12:58:40.321 [Test worker] INFO org.springframework.test.web.servlet.TestDispatcherServlet -- Completed initialization in 1 ms
]]></system-out>
  <system-err><![CDATA[Mockito is currently self-attaching to enable the inline-mock-maker. This will no longer work in future releases of the JDK. Please add Mockito as an agent to your build what is described in Mockito's documentation: https://javadoc.io/doc/org.mockito/mockito-core/latest/org/mockito/Mockito.html#0.3
WARNING: A Java agent has been loaded dynamically (/home/codespace/.gradle/caches/modules-2/files-2.1/net.bytebuddy/byte-buddy-agent/1.15.10/e8eb255b2c378b9a6c7341e7b0e12f0a5636377/byte-buddy-agent-1.15.10.jar)
WARNING: If a serviceability tool is in use, please run with -XX:+EnableDynamicAgentLoading to hide this warning
WARNING: If a serviceability tool is not in use, please run with -Djdk.instrument.traceUsage for more information
WARNING: Dynamic loading of agents will be disallowed by default in a future release
]]></system-err>
</testsuite>
