<?xml version="1.0" encoding="UTF-8"?>
<testsuite name="ro.unibuc.hello.service.GreetingsServiceTest" tests="9" skipped="0" failures="0" errors="0" timestamp="2025-03-11T18:15:48" hostname="874d027e5915" time="0.142">
  <properties/>
  <testcase name="testDeleteGreeting_NonExistingEntity()" classname="ro.unibuc.hello.service.GreetingsServiceTest" time="0.029"/>
  <testcase name="testDeleteGreeting_ExistingEntity()" classname="ro.unibuc.hello.service.GreetingsServiceTest" time="0.008"/>
  <testcase name="testHello()" classname="ro.unibuc.hello.service.GreetingsServiceTest" time="0.007"/>
  <testcase name="testUpdateGreeting_NonExistingEntity()" classname="ro.unibuc.hello.service.GreetingsServiceTest" time="0.01"/>
  <testcase name="testBuildGreetingFromInfo_NonExistingEntity()" classname="ro.unibuc.hello.service.GreetingsServiceTest" time="0.011"/>
  <testcase name="testUpdateGreeting_ExistingEntity()" classname="ro.unibuc.hello.service.GreetingsServiceTest" time="0.009"/>
  <testcase name="testGetAllGreetings()" classname="ro.unibuc.hello.service.GreetingsServiceTest" time="0.014"/>
  <testcase name="testSaveGreeting()" classname="ro.unibuc.hello.service.GreetingsServiceTest" time="0.007"/>
  <testcase name="testBuildGreetingFromInfo_ExistingEntity()" classname="ro.unibuc.hello.service.GreetingsServiceTest" time="0.007"/>
  <system-out><![CDATA[18:15:47.684 [Test worker] INFO org.springframework.test.context.support.AnnotationConfigContextLoaderUtils -- Could not detect default configuration classes for test class [ro.unibuc.hello.service.GreetingsServiceTest]: GreetingsServiceTest does not declare any static, non-private, non-final, nested classes annotated with @Configuration.
]]></system-out>
  <system-err><![CDATA[]]></system-err>
</testsuite>
