<?xml version="1.0" encoding="UTF-8"?>
<testsuite name="ro.unibuc.hello.controller.GameIntegrationTest" tests="8" skipped="0" failures="0" errors="0" timestamp="2025-03-31T09:22:03" hostname="codespaces-9d48ea" time="0.615">
  <properties/>
  <testcase name="testAddGame()" classname="ro.unibuc.hello.controller.GameIntegrationTest" time="0.303"/>
  <testcase name="testGetAllGames()" classname="ro.unibuc.hello.controller.GameIntegrationTest" time="0.03"/>
  <testcase name="testGetGameById()" classname="ro.unibuc.hello.controller.GameIntegrationTest" time="0.039"/>
  <testcase name="testGetGamesByGenre()" classname="ro.unibuc.hello.controller.GameIntegrationTest" time="0.037"/>
  <testcase name="testAddValidReview()" classname="ro.unibuc.hello.controller.GameIntegrationTest" time="0.088"/>
  <testcase name="testAddInvalidReview()" classname="ro.unibuc.hello.controller.GameIntegrationTest" time="0.032"/>
  <testcase name="testDeleteGame()" classname="ro.unibuc.hello.controller.GameIntegrationTest" time="0.036"/>
  <testcase name="testDeleteAllGames()" classname="ro.unibuc.hello.controller.GameIntegrationTest" time="0.034"/>
  <system-out><![CDATA[09:21:48.253 [Test worker] INFO org.springframework.test.context.support.AnnotationConfigContextLoaderUtils -- Could not detect default configuration classes for test class [ro.unibuc.hello.controller.GameIntegrationTest]: GameIntegrationTest does not declare any static, non-private, non-final, nested classes annotated with @Configuration.
09:21:48.512 [Test worker] INFO org.springframework.boot.test.context.SpringBootTestContextBootstrapper -- Found @SpringBootConfiguration ro.unibuc.hello.HelloApplication for test class ro.unibuc.hello.controller.GameIntegrationTest
09:21:48.731 [Test worker] INFO org.testcontainers.images.PullPolicy -- Image pull policy will be performed by: DefaultPullPolicy()
09:21:48.738 [Test worker] INFO org.testcontainers.utility.ImageNameSubstitutor -- Image name substitution will be performed by: DefaultImageNameSubstitutor (composite of 'ConfigurationFileImageNameSubstitutor' and 'PrefixingImageNameSubstitutor')
09:21:48.770 [Test worker] INFO org.testcontainers.DockerClientFactory -- Testcontainers version: 1.20.4
09:21:49.297 [Test worker] INFO org.testcontainers.dockerclient.DockerClientProviderStrategy -- Loaded org.testcontainers.dockerclient.UnixSocketClientProviderStrategy from ~/.testcontainers.properties, will try it first
09:21:49.908 [Test worker] INFO org.testcontainers.dockerclient.DockerClientProviderStrategy -- Found Docker environment with local Unix socket (unix:///var/run/docker.sock)
09:21:49.985 [Test worker] INFO org.testcontainers.DockerClientFactory -- Docker host IP address is 172.17.0.1
09:21:50.030 [Test worker] INFO org.testcontainers.DockerClientFactory -- Connected to docker: 
  Server Version: 27.5.1-1
  API Version: 1.47
  Operating System: Ubuntu 20.04.6 LTS (containerized)
  Total Memory: 7937 MB
09:21:50.086 [Test worker] INFO tc.testcontainers/ryuk:0.11.0 -- Creating container for image: testcontainers/ryuk:0.11.0
09:21:50.425 [Test worker] INFO tc.testcontainers/ryuk:0.11.0 -- Container testcontainers/ryuk:0.11.0 is starting: 90ce2f9db7bb87a6e8c9b34864f8d24c1ecbe5644e45d72f1118e97b4ed5201c
09:21:51.744 [Test worker] INFO tc.testcontainers/ryuk:0.11.0 -- Container testcontainers/ryuk:0.11.0 started in PT1.657149732S
09:21:51.750 [Test worker] INFO org.testcontainers.utility.RyukResourceReaper -- Ryuk started - will monitor and terminate Testcontainers containers on JVM exit
09:21:51.750 [Test worker] INFO org.testcontainers.DockerClientFactory -- Checking the system...
09:21:51.752 [Test worker] INFO org.testcontainers.DockerClientFactory -- ✔︎ Docker server version should be at least 1.6.0
09:21:51.753 [Test worker] INFO tc.mongo:6.0.20 -- Creating container for image: mongo:6.0.20
09:21:51.838 [Test worker] INFO tc.mongo:6.0.20 -- Container mongo:6.0.20 is starting: 5f755581e750264ccc3b51297510931b084fa5ca0aa4b3cdc439ae5449fa7f21
09:21:57.557 [Test worker] INFO tc.mongo:6.0.20 -- Container mongo:6.0.20 started in PT5.804416865S

  .   ____          _            __ _ _
 /\\ / ___'_ __ _ _(_)_ __  __ _ \ \ \ \
( ( )\___ | '_ | '_| | '_ \/ _` | \ \ \ \
 \\/  ___)| |_)| | | | | || (_| |  ) ) ) )
  '  |____| .__|_| |_|_| |_\__, | / / / /
 =========|_|==============|___/=/_/_/_/

 :: Spring Boot ::                (v3.4.0)

2025-03-31T09:21:58.719Z  INFO 18793 --- [    Test worker] r.u.h.controller.GameIntegrationTest     : Starting GameIntegrationTest using Java 21.0.6 with PID 18793 (started by codespace in /workspaces/GameLibraryAPI)
2025-03-31T09:21:58.725Z  INFO 18793 --- [    Test worker] r.u.h.controller.GameIntegrationTest     : No active profile set, falling back to 1 default profile: "default"
2025-03-31T09:21:59.699Z  INFO 18793 --- [    Test worker] .s.d.r.c.RepositoryConfigurationDelegate : Bootstrapping Spring Data MongoDB repositories in DEFAULT mode.
2025-03-31T09:21:59.715Z  INFO 18793 --- [    Test worker] .i.s.PathMatchingResourcePatternResolver : Skipping search for files matching pattern [**/*.class]: directory [/workspaces/GameLibraryAPI/build/classes/java/test/ro/unibuc/hello/data] does not exist
2025-03-31T09:21:59.750Z  INFO 18793 --- [    Test worker] .i.s.PathMatchingResourcePatternResolver : Skipping search for files matching pattern [**/*Impl.class]: directory [/workspaces/GameLibraryAPI/build/classes/java/test/ro/unibuc/hello/data] does not exist
2025-03-31T09:21:59.771Z  INFO 18793 --- [    Test worker] .s.d.r.c.RepositoryConfigurationDelegate : Finished Spring Data repository scanning in 61 ms. Found 5 MongoDB repository interfaces.
2025-03-31T09:22:01.186Z  INFO 18793 --- [    Test worker] org.mongodb.driver.client                : MongoClient with metadata {"driver": {"name": "mongo-java-driver|sync", "version": "5.2.1"}, "os": {"type": "Linux", "name": "Linux", "architecture": "amd64", "version": "6.8.0-1021-azure"}, "platform": "Java/Ubuntu/21.0.6+7-Ubuntu-120.04.1", "env": {"container": {"runtime": "docker"}}} created with settings MongoClientSettings{readPreference=primary, writeConcern=WriteConcern{w=null, wTimeout=null ms, journal=null}, retryWrites=true, retryReads=true, readConcern=ReadConcern{level=null}, credential=MongoCredential{mechanism=null, userName='root', source='admin', password=<hidden>, mechanismProperties=<hidden>}, transportSettings=null, commandListeners=[], codecRegistry=ProvidersCodecRegistry{codecProviders=[ValueCodecProvider{}, BsonValueCodecProvider{}, DBRefCodecProvider{}, DBObjectCodecProvider{}, DocumentCodecProvider{}, CollectionCodecProvider{}, IterableCodecProvider{}, MapCodecProvider{}, GeoJsonCodecProvider{}, GridFSFileCodecProvider{}, Jsr310CodecProvider{}, JsonObjectCodecProvider{}, BsonCodecProvider{}, EnumCodecProvider{}, com.mongodb.client.model.mql.ExpressionCodecProvider@7021ab0e, com.mongodb.Jep395RecordCodecProvider@43dd471f, com.mongodb.KotlinCodecProvider@54e1dc9a]}, loggerSettings=LoggerSettings{maxDocumentLength=1000}, clusterSettings={hosts=[localhost:27017], srvServiceName=mongodb, mode=SINGLE, requiredClusterType=UNKNOWN, requiredReplicaSetName='null', serverSelector='null', clusterListeners='[]', serverSelectionTimeout='30000 ms', localThreshold='15 ms'}, socketSettings=SocketSettings{connectTimeoutMS=10000, readTimeoutMS=0, receiveBufferSize=0, proxySettings=ProxySettings{host=null, port=null, username=null, password=null}}, heartbeatSocketSettings=SocketSettings{connectTimeoutMS=10000, readTimeoutMS=10000, receiveBufferSize=0, proxySettings=ProxySettings{host=null, port=null, username=null, password=null}}, connectionPoolSettings=ConnectionPoolSettings{maxSize=100, minSize=0, maxWaitTimeMS=120000, maxConnectionLifeTimeMS=0, maxConnectionIdleTimeMS=0, maintenanceInitialDelayMS=0, maintenanceFrequencyMS=60000, connectionPoolListeners=[], maxConnecting=2}, serverSettings=ServerSettings{heartbeatFrequencyMS=10000, minHeartbeatFrequencyMS=500, serverMonitoringMode=AUTO, serverListeners='[]', serverMonitorListeners='[]'}, sslSettings=SslSettings{enabled=false, invalidHostNameAllowed=false, context=null}, applicationName='null', compressorList=[], uuidRepresentation=UNSPECIFIED, serverApi=null, autoEncryptionSettings=null, dnsClient=null, inetAddressResolver=null, contextProvider=null, timeoutMS=null}
2025-03-31T09:22:01.257Z  INFO 18793 --- [localhost:27017] org.mongodb.driver.cluster               : Monitor thread successfully connected to server with description ServerDescription{address=localhost:27017, type=STANDALONE, cryptd=false, state=CONNECTED, ok=true, minWireVersion=0, maxWireVersion=17, maxDocumentSize=16777216, logicalSessionTimeoutMinutes=30, roundTripTimeNanos=85796260, minRoundTripTimeNanos=0}
2025-03-31T09:22:03.467Z  INFO 18793 --- [    Test worker] o.s.b.t.m.w.SpringBootMockServletContext : Initializing Spring TestDispatcherServlet ''
2025-03-31T09:22:03.467Z  INFO 18793 --- [    Test worker] o.s.t.web.servlet.TestDispatcherServlet  : Initializing Servlet ''
2025-03-31T09:22:03.486Z  INFO 18793 --- [    Test worker] o.s.b.a.e.web.EndpointLinksResolver      : Exposing 1 endpoint beneath base path '/actuator'
2025-03-31T09:22:03.503Z  INFO 18793 --- [    Test worker] o.s.t.web.servlet.TestDispatcherServlet  : Completed initialization in 36 ms
2025-03-31T09:22:03.593Z  INFO 18793 --- [    Test worker] r.u.h.controller.GameIntegrationTest     : Started GameIntegrationTest in 5.956 seconds (process running for 23.853)
]]></system-out>
  <system-err><![CDATA[]]></system-err>
</testsuite>
