<?xml version="1.0" encoding="UTF-8"?>
<testsuite name="ro.unibuc.hello.controller.GameIntegrationTest" tests="8" skipped="0" failures="0" errors="0" timestamp="2025-03-26T15:28:13" hostname="codespaces-9e0eca" time="2.046">
  <properties/>
  <testcase name="testAddGame()" classname="ro.unibuc.hello.controller.GameIntegrationTest" time="1.694"/>
  <testcase name="testGetAllGames()" classname="ro.unibuc.hello.controller.GameIntegrationTest" time="0.02"/>
  <testcase name="testGetGameById()" classname="ro.unibuc.hello.controller.GameIntegrationTest" time="0.056"/>
  <testcase name="testGetGamesByGenre()" classname="ro.unibuc.hello.controller.GameIntegrationTest" time="0.045"/>
  <testcase name="testAddValidReview()" classname="ro.unibuc.hello.controller.GameIntegrationTest" time="0.138"/>
  <testcase name="testAddInvalidReview()" classname="ro.unibuc.hello.controller.GameIntegrationTest" time="0.019"/>
  <testcase name="testDeleteGame()" classname="ro.unibuc.hello.controller.GameIntegrationTest" time="0.024"/>
  <testcase name="testDeleteAllGames()" classname="ro.unibuc.hello.controller.GameIntegrationTest" time="0.032"/>
  <system-out><![CDATA[15:28:00.048 [Test worker] INFO org.springframework.test.context.support.AnnotationConfigContextLoaderUtils -- Could not detect default configuration classes for test class [ro.unibuc.hello.controller.GameIntegrationTest]: GameIntegrationTest does not declare any static, non-private, non-final, nested classes annotated with @Configuration.
15:28:00.367 [Test worker] INFO org.springframework.boot.test.context.SpringBootTestContextBootstrapper -- Found @SpringBootConfiguration ro.unibuc.hello.HelloApplication for test class ro.unibuc.hello.controller.GameIntegrationTest
15:28:00.783 [Test worker] INFO org.testcontainers.images.PullPolicy -- Image pull policy will be performed by: DefaultPullPolicy()
15:28:00.791 [Test worker] INFO org.testcontainers.utility.ImageNameSubstitutor -- Image name substitution will be performed by: DefaultImageNameSubstitutor (composite of 'ConfigurationFileImageNameSubstitutor' and 'PrefixingImageNameSubstitutor')
15:28:00.813 [Test worker] INFO org.testcontainers.DockerClientFactory -- Testcontainers version: 1.20.4
15:28:01.489 [Test worker] INFO org.testcontainers.dockerclient.DockerClientProviderStrategy -- Loaded org.testcontainers.dockerclient.UnixSocketClientProviderStrategy from ~/.testcontainers.properties, will try it first
15:28:02.142 [Test worker] INFO org.testcontainers.dockerclient.DockerClientProviderStrategy -- Found Docker environment with local Unix socket (unix:///var/run/docker.sock)
15:28:02.182 [Test worker] INFO org.testcontainers.DockerClientFactory -- Docker host IP address is 172.17.0.1
15:28:02.213 [Test worker] INFO org.testcontainers.DockerClientFactory -- Connected to docker: 
  Server Version: 27.5.1-1
  API Version: 1.47
  Operating System: Ubuntu 20.04.6 LTS (containerized)
  Total Memory: 7937 MB
15:28:02.257 [Test worker] INFO tc.testcontainers/ryuk:0.11.0 -- Creating container for image: testcontainers/ryuk:0.11.0
15:28:02.499 [Test worker] INFO tc.testcontainers/ryuk:0.11.0 -- Container testcontainers/ryuk:0.11.0 is starting: 71f378e56cfa3c4999b82971bda09da8b499c0eaa4cd0fbba63dfd6d0e2b9c12
15:28:03.010 [Test worker] INFO tc.testcontainers/ryuk:0.11.0 -- Container testcontainers/ryuk:0.11.0 started in PT0.752637937S
15:28:03.015 [Test worker] INFO org.testcontainers.utility.RyukResourceReaper -- Ryuk started - will monitor and terminate Testcontainers containers on JVM exit
15:28:03.015 [Test worker] INFO org.testcontainers.DockerClientFactory -- Checking the system...
15:28:03.016 [Test worker] INFO org.testcontainers.DockerClientFactory -- ✔︎ Docker server version should be at least 1.6.0
15:28:03.017 [Test worker] INFO tc.mongo:6.0.20 -- Creating container for image: mongo:6.0.20
15:28:03.052 [Test worker] INFO tc.mongo:6.0.20 -- Container mongo:6.0.20 is starting: 89f301855843985f9e5ece50e880c6e641775656b1ccd472ad29d070439c6a88
15:28:06.210 [Test worker] INFO tc.mongo:6.0.20 -- Container mongo:6.0.20 started in PT3.192838089S

  .   ____          _            __ _ _
 /\\ / ___'_ __ _ _(_)_ __  __ _ \ \ \ \
( ( )\___ | '_ | '_| | '_ \/ _` | \ \ \ \
 \\/  ___)| |_)| | | | | || (_| |  ) ) ) )
  '  |____| .__|_| |_|_| |_\__, | / / / /
 =========|_|==============|___/=/_/_/_/

 :: Spring Boot ::                (v3.4.0)

2025-03-26T15:28:07.857Z  INFO 26205 --- [    Test worker] r.u.h.controller.GameIntegrationTest     : Starting GameIntegrationTest using Java 21.0.6 with PID 26205 (started by codespace in /workspaces/GameLibraryAPI)
2025-03-26T15:28:07.861Z  INFO 26205 --- [    Test worker] r.u.h.controller.GameIntegrationTest     : No active profile set, falling back to 1 default profile: "default"
2025-03-26T15:28:09.201Z  INFO 26205 --- [    Test worker] .s.d.r.c.RepositoryConfigurationDelegate : Bootstrapping Spring Data MongoDB repositories in DEFAULT mode.
2025-03-26T15:28:09.220Z  INFO 26205 --- [    Test worker] .i.s.PathMatchingResourcePatternResolver : Skipping search for files matching pattern [**/*.class]: directory [/workspaces/GameLibraryAPI/build/classes/java/test/ro/unibuc/hello/data] does not exist
2025-03-26T15:28:09.258Z  INFO 26205 --- [    Test worker] .i.s.PathMatchingResourcePatternResolver : Skipping search for files matching pattern [**/*Impl.class]: directory [/workspaces/GameLibraryAPI/build/classes/java/test/ro/unibuc/hello/data] does not exist
2025-03-26T15:28:09.279Z  INFO 26205 --- [    Test worker] .s.d.r.c.RepositoryConfigurationDelegate : Finished Spring Data repository scanning in 65 ms. Found 5 MongoDB repository interfaces.
2025-03-26T15:28:10.725Z  INFO 26205 --- [    Test worker] org.mongodb.driver.client                : MongoClient with metadata {"driver": {"name": "mongo-java-driver|sync", "version": "5.2.1"}, "os": {"type": "Linux", "name": "Linux", "architecture": "amd64", "version": "6.8.0-1021-azure"}, "platform": "Java/Ubuntu/21.0.6+7-Ubuntu-120.04.1", "env": {"container": {"runtime": "docker"}}} created with settings MongoClientSettings{readPreference=primary, writeConcern=WriteConcern{w=null, wTimeout=null ms, journal=null}, retryWrites=true, retryReads=true, readConcern=ReadConcern{level=null}, credential=MongoCredential{mechanism=null, userName='root', source='admin', password=<hidden>, mechanismProperties=<hidden>}, transportSettings=null, commandListeners=[], codecRegistry=ProvidersCodecRegistry{codecProviders=[ValueCodecProvider{}, BsonValueCodecProvider{}, DBRefCodecProvider{}, DBObjectCodecProvider{}, DocumentCodecProvider{}, CollectionCodecProvider{}, IterableCodecProvider{}, MapCodecProvider{}, GeoJsonCodecProvider{}, GridFSFileCodecProvider{}, Jsr310CodecProvider{}, JsonObjectCodecProvider{}, BsonCodecProvider{}, EnumCodecProvider{}, com.mongodb.client.model.mql.ExpressionCodecProvider@ff18823, com.mongodb.Jep395RecordCodecProvider@543e79cb, com.mongodb.KotlinCodecProvider@1a23e131]}, loggerSettings=LoggerSettings{maxDocumentLength=1000}, clusterSettings={hosts=[localhost:27017], srvServiceName=mongodb, mode=SINGLE, requiredClusterType=UNKNOWN, requiredReplicaSetName='null', serverSelector='null', clusterListeners='[]', serverSelectionTimeout='30000 ms', localThreshold='15 ms'}, socketSettings=SocketSettings{connectTimeoutMS=10000, readTimeoutMS=0, receiveBufferSize=0, proxySettings=ProxySettings{host=null, port=null, username=null, password=null}}, heartbeatSocketSettings=SocketSettings{connectTimeoutMS=10000, readTimeoutMS=10000, receiveBufferSize=0, proxySettings=ProxySettings{host=null, port=null, username=null, password=null}}, connectionPoolSettings=ConnectionPoolSettings{maxSize=100, minSize=0, maxWaitTimeMS=120000, maxConnectionLifeTimeMS=0, maxConnectionIdleTimeMS=0, maintenanceInitialDelayMS=0, maintenanceFrequencyMS=60000, connectionPoolListeners=[], maxConnecting=2}, serverSettings=ServerSettings{heartbeatFrequencyMS=10000, minHeartbeatFrequencyMS=500, serverMonitoringMode=AUTO, serverListeners='[]', serverMonitorListeners='[]'}, sslSettings=SslSettings{enabled=false, invalidHostNameAllowed=false, context=null}, applicationName='null', compressorList=[], uuidRepresentation=UNSPECIFIED, serverApi=null, autoEncryptionSettings=null, dnsClient=null, inetAddressResolver=null, contextProvider=null, timeoutMS=null}
2025-03-26T15:28:10.772Z  INFO 26205 --- [localhost:27017] org.mongodb.driver.cluster               : Monitor thread successfully connected to server with description ServerDescription{address=localhost:27017, type=STANDALONE, cryptd=false, state=CONNECTED, ok=true, minWireVersion=0, maxWireVersion=17, maxDocumentSize=16777216, logicalSessionTimeoutMinutes=30, roundTripTimeNanos=64663042, minRoundTripTimeNanos=0}
2025-03-26T15:28:13.229Z  INFO 26205 --- [    Test worker] o.s.b.t.m.w.SpringBootMockServletContext : Initializing Spring TestDispatcherServlet ''
2025-03-26T15:28:13.229Z  INFO 26205 --- [    Test worker] o.s.t.web.servlet.TestDispatcherServlet  : Initializing Servlet ''
2025-03-26T15:28:13.247Z  INFO 26205 --- [    Test worker] o.s.b.a.e.web.EndpointLinksResolver      : Exposing 1 endpoint beneath base path '/actuator'
2025-03-26T15:28:13.260Z  INFO 26205 --- [    Test worker] o.s.t.web.servlet.TestDispatcherServlet  : Completed initialization in 29 ms
2025-03-26T15:28:13.355Z  INFO 26205 --- [    Test worker] r.u.h.controller.GameIntegrationTest     : Started GameIntegrationTest in 6.186 seconds (process running for 15.9)
]]></system-out>
  <system-err><![CDATA[Mockito is currently self-attaching to enable the inline-mock-maker. This will no longer work in future releases of the JDK. Please add Mockito as an agent to your build what is described in Mockito's documentation: https://javadoc.io/doc/org.mockito/mockito-core/latest/org/mockito/Mockito.html#0.3
WARNING: A Java agent has been loaded dynamically (/home/codespace/.gradle/caches/modules-2/files-2.1/net.bytebuddy/byte-buddy-agent/1.15.10/e8eb255b2c378b9a6c7341e7b0e12f0a5636377/byte-buddy-agent-1.15.10.jar)
WARNING: If a serviceability tool is in use, please run with -XX:+EnableDynamicAgentLoading to hide this warning
WARNING: If a serviceability tool is not in use, please run with -Djdk.instrument.traceUsage for more information
WARNING: Dynamic loading of agents will be disallowed by default in a future release
]]></system-err>
</testsuite>
